<?xml version="1.0" encoding="UTF-8"?>
<testng-results skipped="0" failed="0" total="1" passed="1">
  <reporter-output>
  </reporter-output>
  <suite name="Surefire suite" duration-ms="78" started-at="2017-08-31T06:41:14Z" finished-at="2017-08-31T06:41:14Z">
    <groups>
    </groups>
    <test name="Surefire test" duration-ms="78" started-at="2017-08-31T06:41:14Z" finished-at="2017-08-31T06:41:14Z">
      <class name="Project.Jenkins.AppTest">
        <test-method status="PASS" signature="testApp()[pri:0, instance:testApp(Project.Jenkins.AppTest)]" name="testApp" duration-ms="16" started-at="2017-08-31T12:11:14Z" finished-at="2017-08-31T12:11:14Z">
          <reporter-output>
          </reporter-output>
        </test-method> <!-- testApp -->
      </class> <!-- Project.Jenkins.AppTest -->
    </test> <!-- Surefire test -->
  </suite> <!-- Surefire suite -->
</testng-results>
