<?xml version="1.0" encoding="UTF-8"?>
<testng-results skipped="0" failed="0" total="1" passed="1">
  <reporter-output>
  </reporter-output>
  <suite name="Default suite" duration-ms="22425" started-at="2017-08-31T06:39:27Z" finished-at="2017-08-31T06:39:49Z">
    <groups>
    </groups>
    <test name="Default test" duration-ms="22425" started-at="2017-08-31T06:39:27Z" finished-at="2017-08-31T06:39:49Z">
      <class name="Project.Jenkins.calender">
        <test-method status="PASS" signature="startTest()[pri:0, instance:Project.Jenkins.calender@91161c7]" name="startTest" is-config="true" duration-ms="9977" started-at="2017-08-31T12:09:27Z" finished-at="2017-08-31T12:09:37Z">
          <reporter-output>
          </reporter-output>
        </test-method> <!-- startTest -->
        <test-method status="PASS" signature="jQueryCalendarMultipleMonths()[pri:0, instance:Project.Jenkins.calender@91161c7]" name="jQueryCalendarMultipleMonths" duration-ms="10579" started-at="2017-08-31T12:09:37Z" finished-at="2017-08-31T12:09:47Z">
          <reporter-output>
          </reporter-output>
        </test-method> <!-- jQueryCalendarMultipleMonths -->
        <test-method status="PASS" signature="endTest()[pri:0, instance:Project.Jenkins.calender@91161c7]" name="endTest" is-config="true" duration-ms="1861" started-at="2017-08-31T12:09:47Z" finished-at="2017-08-31T12:09:49Z">
          <reporter-output>
          </reporter-output>
        </test-method> <!-- endTest -->
      </class> <!-- Project.Jenkins.calender -->
    </test> <!-- Default test -->
  </suite> <!-- Default suite -->
</testng-results>
